<?xml version="1.0" encoding="UTF-8"?>
<testng-results ignored="0" total="13" passed="11" failed="2" skipped="0">
  <reporter-output>
  </reporter-output>
  <suite started-at="2022-10-09T16:29:19 IST" name="Amazon Test Suite" finished-at="2022-10-09T16:30:42 IST" duration-ms="83288">
    <groups>
      <group name="ChromeOnly">
        <method signature="TestNgGroupTest.launchChromeTest()[pri:0, instance:com.ecom.webapp.TestNgGroupTest@58d75e99]" name="launchChromeTest" class="com.ecom.webapp.TestNgGroupTest"/>
        <method signature="TestNgGroupTest.testAmazonHomePage()[pri:1, instance:com.ecom.webapp.TestNgGroupTest@58d75e99]" name="testAmazonHomePage" class="com.ecom.webapp.TestNgGroupTest"/>
        <method signature="TestNgGroupTest.testAmazonSourceURL()[pri:2, instance:com.ecom.webapp.TestNgGroupTest@58d75e99]" name="testAmazonSourceURL" class="com.ecom.webapp.TestNgGroupTest"/>
      </group> <!-- ChromeOnly -->
      <group name="MicrosoftEdgeOnly">
        <method signature="TestNgGroupTest.launchMicrosoftEdgeTest()[pri:0, instance:com.ecom.webapp.TestNgGroupTest@58d75e99]" name="launchMicrosoftEdgeTest" class="com.ecom.webapp.TestNgGroupTest"/>
        <method signature="TestNgGroupTest.testSimplilearnHomePageTitle()[pri:1, instance:com.ecom.webapp.TestNgGroupTest@58d75e99]" name="testSimplilearnHomePageTitle" class="com.ecom.webapp.TestNgGroupTest"/>
        <method signature="TestNgGroupTest.testSimplilearnSourceURL()[pri:2, instance:com.ecom.webapp.TestNgGroupTest@58d75e99]" name="testSimplilearnSourceURL" class="com.ecom.webapp.TestNgGroupTest"/>
      </group> <!-- MicrosoftEdgeOnly -->
    </groups>
    <test started-at="2022-10-09T16:29:19 IST" name="HomepageTestUnit" finished-at="2022-10-09T16:30:18 IST" duration-ms="58709">
      <class name="com.ecom.webapp.AmazonNavigationDemo">
        <test-method is-config="true" signature="beforeMethod()[pri:0, instance:com.ecom.webapp.AmazonNavigationDemo@378542de]" started-at="2022-10-09T16:29:19 IST" name="beforeMethod" finished-at="2022-10-09T16:29:28 IST" duration-ms="9424" status="PASS">
          <reporter-output>
          </reporter-output>
        </test-method> <!-- beforeMethod -->
        <test-method signature="descriptionPage()[pri:0, instance:com.ecom.webapp.AmazonNavigationDemo@378542de]" started-at="2022-10-09T16:29:28 IST" name="descriptionPage" description="Test for bestsellers in amazon" finished-at="2022-10-09T16:29:32 IST" duration-ms="3341" status="PASS">
          <reporter-output>
          </reporter-output>
        </test-method> <!-- descriptionPage -->
        <test-method is-config="true" signature="afterMethod()[pri:0, instance:com.ecom.webapp.AmazonNavigationDemo@378542de]" started-at="2022-10-09T16:29:32 IST" name="afterMethod" finished-at="2022-10-09T16:29:32 IST" duration-ms="428" status="PASS">
          <reporter-output>
          </reporter-output>
        </test-method> <!-- afterMethod -->
        <test-method is-config="true" signature="beforeMethod()[pri:0, instance:com.ecom.webapp.AmazonNavigationDemo@378542de]" started-at="2022-10-09T16:29:50 IST" name="beforeMethod" finished-at="2022-10-09T16:29:58 IST" duration-ms="8158" status="PASS">
          <reporter-output>
          </reporter-output>
        </test-method> <!-- beforeMethod -->
        <test-method signature="testFashion()[pri:0, instance:com.ecom.webapp.AmazonNavigationDemo@378542de]" started-at="2022-10-09T16:29:58 IST" name="testFashion" description="Test for customer service " finished-at="2022-10-09T16:30:17 IST" depends-on-methods="com.ecom.webapp.AmazonNavigationDemo.descriptionPage" duration-ms="19281" status="FAIL">
          <exception class="java.lang.AssertionError">
            <message>
              <![CDATA[expected [Help - Amazon Customer Service] but found [Mobile Phones: Buy New Mobiles Online at Best Prices in India | Buy Cell Phones Online - Amazon.in]]]>
            </message>
            <full-stacktrace>
              <![CDATA[java.lang.AssertionError: expected [Help - Amazon Customer Service] but found [Mobile Phones: Buy New Mobiles Online at Best Prices in India | Buy Cell Phones Online - Amazon.in]
at org.testng.Assert.fail(Assert.java:99)
at org.testng.Assert.failNotEquals(Assert.java:1037)
at org.testng.Assert.assertEqualsImpl(Assert.java:140)
at org.testng.Assert.assertEquals(Assert.java:122)
at org.testng.Assert.assertEquals(Assert.java:629)
at org.testng.Assert.assertEquals(Assert.java:639)
at com.ecom.webapp.AmazonNavigationDemo.testFashion(AmazonNavigationDemo.java:61)
at java.base/jdk.internal.reflect.NativeMethodAccessorImpl.invoke0(Native Method)
at java.base/jdk.internal.reflect.NativeMethodAccessorImpl.invoke(NativeMethodAccessorImpl.java:77)
at java.base/jdk.internal.reflect.DelegatingMethodAccessorImpl.invoke(DelegatingMethodAccessorImpl.java:43)
at java.base/java.lang.reflect.Method.invoke(Method.java:568)
at org.testng.internal.MethodInvocationHelper.invokeMethod(MethodInvocationHelper.java:133)
at org.testng.internal.TestInvoker.invokeMethod(TestInvoker.java:598)
at org.testng.internal.TestInvoker.invokeTestMethod(TestInvoker.java:173)
at org.testng.internal.MethodRunner.runInSequence(MethodRunner.java:46)
at org.testng.internal.TestInvoker$MethodInvocationAgent.invoke(TestInvoker.java:824)
at org.testng.internal.TestInvoker.invokeTestMethods(TestInvoker.java:146)
at org.testng.internal.TestMethodWorker.invokeTestMethods(TestMethodWorker.java:146)
at org.testng.internal.TestMethodWorker.run(TestMethodWorker.java:128)
at java.base/java.util.ArrayList.forEach(ArrayList.java:1511)
at org.testng.TestRunner.privateRun(TestRunner.java:794)
at org.testng.TestRunner.run(TestRunner.java:596)
at org.testng.SuiteRunner.runTest(SuiteRunner.java:377)
at org.testng.SuiteRunner.access$000(SuiteRunner.java:28)
at org.testng.SuiteRunner$SuiteWorker.run(SuiteRunner.java:418)
at org.testng.internal.thread.ThreadUtil.lambda$execute$0(ThreadUtil.java:64)
at java.base/java.util.concurrent.FutureTask.run(FutureTask.java:264)
at java.base/java.util.concurrent.ThreadPoolExecutor.runWorker(ThreadPoolExecutor.java:1136)
at java.base/java.util.concurrent.ThreadPoolExecutor$Worker.run(ThreadPoolExecutor.java:635)
at java.base/java.lang.Thread.run(Thread.java:833)
]]>
            </full-stacktrace>
          </exception> <!-- java.lang.AssertionError -->
          <reporter-output>
          </reporter-output>
        </test-method> <!-- testFashion -->
        <test-method is-config="true" signature="afterMethod()[pri:0, instance:com.ecom.webapp.AmazonNavigationDemo@378542de]" started-at="2022-10-09T16:30:17 IST" name="afterMethod" finished-at="2022-10-09T16:30:18 IST" duration-ms="415" status="PASS">
          <reporter-output>
          </reporter-output>
        </test-method> <!-- afterMethod -->
      </class> <!-- com.ecom.webapp.AmazonNavigationDemo -->
      <class name="com.ecom.webapp.AmazonHomePage">
        <test-method is-config="true" signature="beforeMethod()[pri:0, instance:com.ecom.webapp.AmazonHomePage@2b48a640]" started-at="2022-10-09T16:29:32 IST" name="beforeMethod" finished-at="2022-10-09T16:29:40 IST" duration-ms="7568" status="PASS">
          <reporter-output>
          </reporter-output>
        </test-method> <!-- beforeMethod -->
        <test-method signature="homePageTitleVerification()[pri:0, instance:com.ecom.webapp.AmazonHomePage@2b48a640]" started-at="2022-10-09T16:29:40 IST" name="homePageTitleVerification" finished-at="2022-10-09T16:29:40 IST" duration-ms="109" status="FAIL">
          <exception class="java.lang.AssertionError">
            <message>
              <![CDATA[expected [Amazon.com. Spend less. Smile more.] but found [Amazon.com: Online Shopping for Electronics, Apparel, Computers, Books, DVDs & more]]]>
            </message>
            <full-stacktrace>
              <![CDATA[java.lang.AssertionError: expected [Amazon.com. Spend less. Smile more.] but found [Amazon.com: Online Shopping for Electronics, Apparel, Computers, Books, DVDs & more]
at org.testng.Assert.fail(Assert.java:99)
at org.testng.Assert.failNotEquals(Assert.java:1037)
at org.testng.Assert.assertEqualsImpl(Assert.java:140)
at org.testng.Assert.assertEquals(Assert.java:122)
at org.testng.Assert.assertEquals(Assert.java:629)
at org.testng.Assert.assertEquals(Assert.java:639)
at com.ecom.webapp.AmazonHomePage.homePageTitleVerification(AmazonHomePage.java:44)
at java.base/jdk.internal.reflect.NativeMethodAccessorImpl.invoke0(Native Method)
at java.base/jdk.internal.reflect.NativeMethodAccessorImpl.invoke(NativeMethodAccessorImpl.java:77)
at java.base/jdk.internal.reflect.DelegatingMethodAccessorImpl.invoke(DelegatingMethodAccessorImpl.java:43)
at java.base/java.lang.reflect.Method.invoke(Method.java:568)
at org.testng.internal.MethodInvocationHelper.invokeMethod(MethodInvocationHelper.java:133)
at org.testng.internal.TestInvoker.invokeMethod(TestInvoker.java:598)
at org.testng.internal.TestInvoker.invokeTestMethod(TestInvoker.java:173)
at org.testng.internal.MethodRunner.runInSequence(MethodRunner.java:46)
at org.testng.internal.TestInvoker$MethodInvocationAgent.invoke(TestInvoker.java:824)
at org.testng.internal.TestInvoker.invokeTestMethods(TestInvoker.java:146)
at org.testng.internal.TestMethodWorker.invokeTestMethods(TestMethodWorker.java:146)
at org.testng.internal.TestMethodWorker.run(TestMethodWorker.java:128)
at java.base/java.util.ArrayList.forEach(ArrayList.java:1511)
at org.testng.TestRunner.privateRun(TestRunner.java:794)
at org.testng.TestRunner.run(TestRunner.java:596)
at org.testng.SuiteRunner.runTest(SuiteRunner.java:377)
at org.testng.SuiteRunner.access$000(SuiteRunner.java:28)
at org.testng.SuiteRunner$SuiteWorker.run(SuiteRunner.java:418)
at org.testng.internal.thread.ThreadUtil.lambda$execute$0(ThreadUtil.java:64)
at java.base/java.util.concurrent.FutureTask.run(FutureTask.java:264)
at java.base/java.util.concurrent.ThreadPoolExecutor.runWorker(ThreadPoolExecutor.java:1136)
at java.base/java.util.concurrent.ThreadPoolExecutor$Worker.run(ThreadPoolExecutor.java:635)
at java.base/java.lang.Thread.run(Thread.java:833)
]]>
            </full-stacktrace>
          </exception> <!-- java.lang.AssertionError -->
          <reporter-output>
          </reporter-output>
        </test-method> <!-- homePageTitleVerification -->
        <test-method is-config="true" signature="afterMethod()[pri:0, instance:com.ecom.webapp.AmazonHomePage@2b48a640]" started-at="2022-10-09T16:29:40 IST" name="afterMethod" finished-at="2022-10-09T16:29:40 IST" duration-ms="194" status="PASS">
          <reporter-output>
          </reporter-output>
        </test-method> <!-- afterMethod -->
        <test-method is-config="true" signature="beforeMethod()[pri:0, instance:com.ecom.webapp.AmazonHomePage@2b48a640]" started-at="2022-10-09T16:29:40 IST" name="beforeMethod" finished-at="2022-10-09T16:29:49 IST" duration-ms="9244" status="PASS">
          <reporter-output>
          </reporter-output>
        </test-method> <!-- beforeMethod -->
        <test-method signature="testUrl()[pri:0, instance:com.ecom.webapp.AmazonHomePage@2b48a640]" started-at="2022-10-09T16:29:49 IST" name="testUrl" finished-at="2022-10-09T16:29:49 IST" duration-ms="115" status="PASS">
          <reporter-output>
          </reporter-output>
        </test-method> <!-- testUrl -->
        <test-method is-config="true" signature="afterMethod()[pri:0, instance:com.ecom.webapp.AmazonHomePage@2b48a640]" started-at="2022-10-09T16:29:49 IST" name="afterMethod" finished-at="2022-10-09T16:29:50 IST" duration-ms="366" status="PASS">
          <reporter-output>
          </reporter-output>
        </test-method> <!-- afterMethod -->
      </class> <!-- com.ecom.webapp.AmazonHomePage -->
    </test> <!-- HomepageTestUnit -->
    <test started-at="2022-10-09T16:30:18 IST" name="GroupTestUnit" finished-at="2022-10-09T16:30:42 IST" duration-ms="24415">
      <class name="com.ecom.webapp.TestNgStandardAnnotationsTest">
        <test-method is-config="true" signature="beforeSuite()[pri:0, instance:com.ecom.webapp.TestNgStandardAnnotationsTest@2ed2d9cb]" started-at="2022-10-09T16:29:19 IST" name="beforeSuite" finished-at="2022-10-09T16:29:19 IST" duration-ms="11" status="PASS">
          <reporter-output>
          </reporter-output>
        </test-method> <!-- beforeSuite -->
        <test-method is-config="true" signature="beforeClass()[pri:0, instance:com.ecom.webapp.TestNgStandardAnnotationsTest@2ed2d9cb]" started-at="2022-10-09T16:30:41 IST" name="beforeClass" finished-at="2022-10-09T16:30:41 IST" duration-ms="1" status="PASS">
          <reporter-output>
          </reporter-output>
        </test-method> <!-- beforeClass -->
        <test-method signature="testOne()[pri:0, instance:com.ecom.webapp.TestNgStandardAnnotationsTest@2ed2d9cb]" started-at="2022-10-09T16:30:41 IST" name="testOne" finished-at="2022-10-09T16:30:41 IST" duration-ms="2" status="PASS">
          <reporter-output>
          </reporter-output>
        </test-method> <!-- testOne -->
        <test-method is-config="true" signature="setUpBeForEachTest()[pri:0, instance:com.ecom.webapp.TestNgStandardAnnotationsTest@2ed2d9cb]" started-at="2022-10-09T16:30:41 IST" name="setUpBeForEachTest" finished-at="2022-10-09T16:30:41 IST" duration-ms="0" status="PASS">
          <reporter-output>
          </reporter-output>
        </test-method> <!-- setUpBeForEachTest -->
        <test-method is-config="true" signature="tearDownAfterEachTest()[pri:0, instance:com.ecom.webapp.TestNgStandardAnnotationsTest@2ed2d9cb]" started-at="2022-10-09T16:30:41 IST" name="tearDownAfterEachTest" finished-at="2022-10-09T16:30:41 IST" duration-ms="1" status="PASS">
          <reporter-output>
          </reporter-output>
        </test-method> <!-- tearDownAfterEachTest -->
        <test-method is-config="true" signature="setUpBeForEachTest()[pri:0, instance:com.ecom.webapp.TestNgStandardAnnotationsTest@2ed2d9cb]" started-at="2022-10-09T16:30:41 IST" name="setUpBeForEachTest" finished-at="2022-10-09T16:30:41 IST" duration-ms="2" status="PASS">
          <reporter-output>
          </reporter-output>
        </test-method> <!-- setUpBeForEachTest -->
        <test-method signature="testThree()[pri:0, instance:com.ecom.webapp.TestNgStandardAnnotationsTest@2ed2d9cb]" started-at="2022-10-09T16:30:41 IST" name="testThree" finished-at="2022-10-09T16:30:41 IST" duration-ms="4" status="PASS">
          <reporter-output>
          </reporter-output>
        </test-method> <!-- testThree -->
        <test-method is-config="true" signature="tearDownAfterEachTest()[pri:0, instance:com.ecom.webapp.TestNgStandardAnnotationsTest@2ed2d9cb]" started-at="2022-10-09T16:30:41 IST" name="tearDownAfterEachTest" finished-at="2022-10-09T16:30:41 IST" duration-ms="1" status="PASS">
          <reporter-output>
          </reporter-output>
        </test-method> <!-- tearDownAfterEachTest -->
        <test-method is-config="true" signature="setUpBeForEachTest()[pri:0, instance:com.ecom.webapp.TestNgStandardAnnotationsTest@2ed2d9cb]" started-at="2022-10-09T16:30:41 IST" name="setUpBeForEachTest" finished-at="2022-10-09T16:30:41 IST" duration-ms="1" status="PASS">
          <reporter-output>
          </reporter-output>
        </test-method> <!-- setUpBeForEachTest -->
        <test-method signature="testTwo()[pri:0, instance:com.ecom.webapp.TestNgStandardAnnotationsTest@2ed2d9cb]" started-at="2022-10-09T16:30:41 IST" name="testTwo" finished-at="2022-10-09T16:30:41 IST" duration-ms="1" status="PASS">
          <reporter-output>
          </reporter-output>
        </test-method> <!-- testTwo -->
        <test-method is-config="true" signature="tearDownAfterEachTest()[pri:0, instance:com.ecom.webapp.TestNgStandardAnnotationsTest@2ed2d9cb]" started-at="2022-10-09T16:30:41 IST" name="tearDownAfterEachTest" finished-at="2022-10-09T16:30:41 IST" duration-ms="1" status="PASS">
          <reporter-output>
          </reporter-output>
        </test-method> <!-- tearDownAfterEachTest -->
        <test-method is-config="true" signature="afterClass()[pri:0, instance:com.ecom.webapp.TestNgStandardAnnotationsTest@2ed2d9cb]" started-at="2022-10-09T16:30:41 IST" name="afterClass" finished-at="2022-10-09T16:30:41 IST" duration-ms="1" status="PASS">
          <reporter-output>
          </reporter-output>
        </test-method> <!-- afterClass -->
        <test-method is-config="true" signature="afterSuite()[pri:0, instance:com.ecom.webapp.TestNgStandardAnnotationsTest@2ed2d9cb]" started-at="2022-10-09T16:30:42 IST" name="afterSuite" finished-at="2022-10-09T16:30:42 IST" duration-ms="1" status="PASS">
          <reporter-output>
          </reporter-output>
        </test-method> <!-- afterSuite -->
      </class> <!-- com.ecom.webapp.TestNgStandardAnnotationsTest -->
      <class name="com.ecom.webapp.TestNgGroupTest">
        <test-method signature="launchChromeTest()[pri:0, instance:com.ecom.webapp.TestNgGroupTest@58d75e99]" started-at="2022-10-09T16:30:18 IST" name="launchChromeTest" finished-at="2022-10-09T16:30:27 IST" duration-ms="9539" status="PASS">
          <reporter-output>
          </reporter-output>
        </test-method> <!-- launchChromeTest -->
        <test-method signature="launchMicrosoftEdgeTest()[pri:0, instance:com.ecom.webapp.TestNgGroupTest@58d75e99]" started-at="2022-10-09T16:30:27 IST" name="launchMicrosoftEdgeTest" finished-at="2022-10-09T16:30:41 IST" duration-ms="13538" status="PASS">
          <reporter-output>
          </reporter-output>
        </test-method> <!-- launchMicrosoftEdgeTest -->
        <test-method signature="testAmazonHomePage()[pri:1, instance:com.ecom.webapp.TestNgGroupTest@58d75e99]" started-at="2022-10-09T16:30:41 IST" name="testAmazonHomePage" finished-at="2022-10-09T16:30:41 IST" depends-on-methods="com.ecom.webapp.TestNgGroupTest.launchChromeTest" duration-ms="209" status="PASS">
          <reporter-output>
          </reporter-output>
        </test-method> <!-- testAmazonHomePage -->
        <test-method signature="testSimplilearnHomePageTitle()[pri:1, instance:com.ecom.webapp.TestNgGroupTest@58d75e99]" started-at="2022-10-09T16:30:41 IST" name="testSimplilearnHomePageTitle" finished-at="2022-10-09T16:30:41 IST" depends-on-methods="com.ecom.webapp.TestNgGroupTest.launchMicrosoftEdgeTest" duration-ms="275" status="PASS">
          <reporter-output>
          </reporter-output>
        </test-method> <!-- testSimplilearnHomePageTitle -->
        <test-method signature="testAmazonSourceURL()[pri:2, instance:com.ecom.webapp.TestNgGroupTest@58d75e99]" started-at="2022-10-09T16:30:41 IST" name="testAmazonSourceURL" finished-at="2022-10-09T16:30:42 IST" depends-on-methods="com.ecom.webapp.TestNgGroupTest.launchChromeTest" duration-ms="408" status="PASS">
          <reporter-output>
          </reporter-output>
        </test-method> <!-- testAmazonSourceURL -->
        <test-method signature="testSimplilearnSourceURL()[pri:2, instance:com.ecom.webapp.TestNgGroupTest@58d75e99]" started-at="2022-10-09T16:30:42 IST" name="testSimplilearnSourceURL" finished-at="2022-10-09T16:30:42 IST" depends-on-methods="com.ecom.webapp.TestNgGroupTest.launchMicrosoftEdgeTest" duration-ms="396" status="PASS">
          <reporter-output>
          </reporter-output>
        </test-method> <!-- testSimplilearnSourceURL -->
      </class> <!-- com.ecom.webapp.TestNgGroupTest -->
    </test> <!-- GroupTestUnit -->
  </suite> <!-- Amazon Test Suite -->
</testng-results>
